<?xml version="1.0" encoding="UTF-8"?>
<!-- Generated by org.testng.reporters.JUnitReportReporter -->
<testsuite skipped="0" hostname="DESKTOP-BV7VD2R" name="MyProject.RestAPITest" tests="2" failures="0" timestamp="27 Feb 2019 00:58:44 GMT" time="0.000" errors="0">
  <testcase name="hitservice" time="0.000" classname="MyProject.RestAPITest"/>
  <testcase name="RestfulService" time="0.000" classname="MyProject.RestAPITest"/>
</testsuite> <!-- MyProject.RestAPITest -->
