<?xml version="1.0" encoding="UTF-8"?>
<!-- Generated by org.testng.reporters.JUnitReportReporter -->
<testsuite skipped="0" hostname="DESKTOP-BV7VD2R" name="MyProject.AppiumTest" tests="3" failures="0" timestamp="27 Feb 2019 00:58:44 GMT" time="0.005" errors="0">
  <testcase name="Mobilelogin" time="0.001" classname="MyProject.AppiumTest"/>
  <testcase name="MobileSite" time="0.003" classname="MyProject.AppiumTest"/>
  <testcase name="MobileLogoff" time="0.001" classname="MyProject.AppiumTest"/>
</testsuite> <!-- MyProject.AppiumTest -->
