<?xml version="1.0" encoding="UTF-8"?>
<!-- Generated by org.testng.reporters.JUnitReportReporter -->
<testsuite skipped="0" hostname="DESKTOP-BV7VD2R" name="MyProject.SeleniumTest" tests="3" failures="0" timestamp="27 Feb 2019 00:58:44 GMT" time="0.012" errors="0">
  <testcase name="InteractbyCSS" time="0.009" classname="MyProject.SeleniumTest"/>
  <testcase name="login" time="0.000" classname="MyProject.SeleniumTest"/>
  <testcase name="Logoff" time="0.003" classname="MyProject.SeleniumTest"/>
</testsuite> <!-- MyProject.SeleniumTest -->
